C51 COMPILER V9.60.0.0   GPIO                                                              06/20/2021 15:27:16 PAGE 1   


C51 COMPILER V9.60.0.0, COMPILATION OF MODULE GPIO
OBJECT MODULE PLACED IN .\Objects\gpio.obj
COMPILER INVOKED BY: C:\Keil_v5\C51\BIN\C51.EXE ..\Driver\gpio.c LARGE OPTIMIZE(0,SPEED) BROWSE INCDIR(..\App;..\Common;
                    -..\Driver;..\Mid;..\Utilities) DEBUG OBJECTEXTEND PRINT(.\Listings\gpio.lst) OBJECT(.\Objects\gpio.obj)

line level    source

   1          #include "Function_Define.h"
   2          #include "N76E003.h"
   3          #include "SFR_Macro.h"
   4          #include "relay.h"
   5          #include "adc.h"
   6          #include "delay.h"
   7          #include "tick.h"
   8          #include "timer.h"
   9          #include "gpio.h"
  10          
  11          extern uint16_t topLimitFloor;
  12          extern uint16_t botLimitFloor;
  13          extern uint8_t programRun;
  14          uint32_t t1;
  15          uint32_t t2;
  16          boolen_t firstTime = NO;
  17          
  18          type_GpioCallBackFnc    p_gpioCallBack = NULL;
  19          
  20          void GPIO_getValueMode()
  21          {
  22   1          P17_Input_Mode;
  23   1          Enable_INT_Port1;
  24   1          Enable_BIT7_FallEdge_Trig;
  25   1          //PICON |= (1 << 7);
  26   1          set_EPI;
  27   1          set_EA;
  28   1          P17 = 1;
  29   1          //TIMER_CallBackInit(TICK_Count);
  30   1      }
  31          
  32          void GPIO_P01_Config()
  33          {
  34   1          P15_PushPull_Mode;
  35   1          P15 = 0;
  36   1      }
  37          
  38          void GPIO_CallBackInit(type_GpioCallBackFnc gpioCallBackFnc)
  39          {
  40   1          p_gpioCallBack = gpioCallBackFnc;
  41   1      }
  42          
  43          void PinInterrupt_ISR (void) interrupt 7
  44          {
  45   1          clr_PIF7;
  46   1          if (firstTime == NO)
  47   1          {
  48   2              t1 = Handle_Tick();
  49   2              firstTime = YES;
  50   2          }
  51   1          t2 = Handle_Tick();
  52   1          if (t2 - t1 > 5000)
  53   1          {
  54   2              if (p_gpioCallBack != NULL)
C51 COMPILER V9.60.0.0   GPIO                                                              06/20/2021 15:27:16 PAGE 2   

  55   2              {
  56   3                  p_gpioCallBack();
  57   3              }
  58   2          }
  59   1      }


MODULE INFORMATION:   STATIC OVERLAYABLE
   CODE SIZE        =    274    ----
   CONSTANT SIZE    =   ----    ----
   XDATA SIZE       =     15    ----
   PDATA SIZE       =   ----    ----
   DATA SIZE        =   ----    ----
   IDATA SIZE       =   ----    ----
   BIT SIZE         =   ----    ----
END OF MODULE INFORMATION.


C51 COMPILATION COMPLETE.  0 WARNING(S),  0 ERROR(S)
