C51 COMPILER V9.60.0.0   IRFAPP_MAIN                                                       05/15/2021 18:01:57 PAGE 1   


C51 COMPILER V9.60.0.0, COMPILATION OF MODULE IRFAPP_MAIN
OBJECT MODULE PLACED IN .\Objects\irfapp_main.obj
COMPILER INVOKED BY: C:\Keil_v5\C51\BIN\C51.EXE ..\App\irfapp_main.c LARGE OPTIMIZE(0,SPEED) BROWSE INCDIR(..\App;..\Com
                    -mon;..\Driver;..\Mid;..\Utilities) DEBUG OBJECTEXTEND PRINT(.\Listings\irfapp_main.lst) OBJECT(.\Objects\irfapp_main.obj
                    -)

line level    source

   1          /*
   2           *      irfapp_main.c
   3           *
   4           *      Created on: Dec 25, 2020
   5           *      Author: Truong VV
   6           */
   7          
   8          #include "N76E003.h"
   9          #include "SFR_Macro.h"
  10          #include "Function_Define.h"
  11          #include "irfapp_main.h"
  12          
  13          
  14          volatile uint8_t deviceAnnounceFlag = 0;
  15          volatile uint8_t checkConnectFlag = 0;
  16          volatile uint8_t startRunFlag = 0;
  17          volatile uint8_t stopRunFlag = 0;
  18          volatile uint8_t updownFloorFlag = 0;
  19          volatile uint8_t getStateMotorFlag = 0;
  20          volatile uint8_t getStateFloorFlag = 0;
  21          volatile uint8_t setSpeedMotorFlag = 0;
  22          volatile uint8_t getAllStateFlag = 0;
  23          volatile uint8_t resetDeviceFlag = 0;
  24          volatile uint8_t speedValue = 0;
  25          
  26          
  27          /******************************************************************************/
  28          /*                              FUNCTION                                      */
  29          /******************************************************************************/
  30          static void APP_DeviceAnnounce(u8 type,u8 *buff, u8 length);
  31          
  32          static void APP_CheckConnect(u8 type,u8 *buff, u8 length);
  33          
  34          static void APP_StartRun(u8 type,u8 *buff, u8 length);
  35          
  36          static void APP_StopRun(u8 type, u8 *buff, u8 length);
  37          
  38          static void APP_UpDownFloor(u8 type, u8 *buff, u8 length);
  39          
  40          static void APP_GetStateMotor(u8 type, u8 *buff, u8 length);
  41          
  42          static void APP_GetStateFloor(u8 type, u8 *buff, u8 length);
  43          
  44          static void APP_SetSpeedMotor(u8 type, u8 *buff, u8 length);
  45          
  46          static void APP_GetAllState(u8 type, u8 *buff, u8 length);
  47          
  48          static void APP_ResetDevice(u8 type, u8 *buff, u8 length);
  49          
  50          /**
  51           * @func   APP_CheckCommandExistAndExecutes
  52           * @brief  None
  53           * @param  
C51 COMPILER V9.60.0.0   IRFAPP_MAIN                                                       05/15/2021 18:01:57 PAGE 2   

  54           * @retval None
  55           */
  56          void APP_CheckCommandExistAndExecutes(u8 command, u8 type, u8* buff, u8 length)
  57          {
  58   1          switch (command)
  59   1          {
  60   2          case DEVICE_ANNOUNCE:
  61   2              APP_DeviceAnnounce(type, buff, length);
  62   2              break;
  63   2          case CHECK_CONNECT:
  64   2              APP_CheckConnect(type, buff, length);
  65   2              break;
  66   2          case START_RUN:
  67   2              APP_StartRun(type, buff, length);
  68   2              break;
  69   2          case STOP_RUN:
  70   2              APP_StopRun(type, buff, length);
  71   2              break;
  72   2          case UP_DOW_FLOOR:
  73   2              APP_UpDownFloor(type, buff, length);
  74   2              break;
  75   2          case GET_STATE_MOTOR:
  76   2              APP_GetStateMotor(type, buff, length);
  77   2              break;
  78   2          case GET_STATE_FLOOR:
  79   2              APP_GetStateFloor(type, buff, length);
  80   2              break;
  81   2          case SET_SPEED_MOTOR:
  82   2              APP_SetSpeedMotor(type, buff, length);
  83   2              break;
  84   2          case GET_ALL_STATE:
  85   2              APP_GetAllState(type, buff, length);
  86   2              break;
  87   2          case RESET_DEVICE:
  88   2              APP_ResetDevice(type, buff, length);
  89   2              break;
  90   2          default:
  91   2              break;
  92   2          }
  93   1      }
  94          
  95          
  96          /**
  97           * @func   APP_DeviceAnnounce
  98           * @brief  None
  99           * @param  
 100           * @retval None
 101           */
 102          static void APP_DeviceAnnounce(u8 type,u8 *buff, u8 length)
 103          {
 104   1          deviceAnnounceFlag = 1;
 105   1      }
*** WARNING C280 IN LINE 102 OF ..\App\irfapp_main.c: 'type': unreferenced local variable
*** WARNING C280 IN LINE 102 OF ..\App\irfapp_main.c: 'buff': unreferenced local variable
*** WARNING C280 IN LINE 102 OF ..\App\irfapp_main.c: 'length': unreferenced local variable
 106          
 107          /**
 108           * @func   APP_CheckConnect
 109           * @brief  None
 110           * @param  
 111           * @retval None
 112           */
C51 COMPILER V9.60.0.0   IRFAPP_MAIN                                                       05/15/2021 18:01:57 PAGE 3   

 113          static void APP_CheckConnect(u8 type,u8 *buff, u8 length)
 114          {
 115   1              checkConnectFlag = 1;
 116   1      }
*** WARNING C280 IN LINE 113 OF ..\App\irfapp_main.c: 'type': unreferenced local variable
*** WARNING C280 IN LINE 113 OF ..\App\irfapp_main.c: 'buff': unreferenced local variable
*** WARNING C280 IN LINE 113 OF ..\App\irfapp_main.c: 'length': unreferenced local variable
 117          
 118          /**
 119           * @func   APP_StartRun
 120           * @brief  None
 121           * @param  
 122           * @retval None
 123           */
 124          static void APP_StartRun(u8 type,u8 *buff, u8 length)
 125          {
 126   1          startRunFlag = 1;
 127   1      }
*** WARNING C280 IN LINE 124 OF ..\App\irfapp_main.c: 'type': unreferenced local variable
*** WARNING C280 IN LINE 124 OF ..\App\irfapp_main.c: 'buff': unreferenced local variable
*** WARNING C280 IN LINE 124 OF ..\App\irfapp_main.c: 'length': unreferenced local variable
 128          
 129          /**
 130           * @func   APP_StopRun
 131           * @brief  None
 132           * @param  
 133           * @retval None
 134           */
 135          static void APP_StopRun(u8 type, u8 *buff, u8 length)
 136          {
 137   1          stopRunFlag = 1;
 138   1      }
*** WARNING C280 IN LINE 135 OF ..\App\irfapp_main.c: 'type': unreferenced local variable
*** WARNING C280 IN LINE 135 OF ..\App\irfapp_main.c: 'buff': unreferenced local variable
*** WARNING C280 IN LINE 135 OF ..\App\irfapp_main.c: 'length': unreferenced local variable
 139          
 140          /**
 141           * @func   APP_UpDownFloor
 142           * @brief  None
 143           * @param  
 144           * @retval None
 145           */
 146          static void APP_UpDownFloor(u8 type, u8 *buff, u8 length)
 147          {
 148   1          updownFloorFlag = 1;
 149   1      }
*** WARNING C280 IN LINE 146 OF ..\App\irfapp_main.c: 'type': unreferenced local variable
*** WARNING C280 IN LINE 146 OF ..\App\irfapp_main.c: 'buff': unreferenced local variable
*** WARNING C280 IN LINE 146 OF ..\App\irfapp_main.c: 'length': unreferenced local variable
 150          
 151          /**
 152           * @func   APP_GetStateMotor
 153           * @brief  None
 154           * @param  
 155           * @retval None
 156           */
 157          static void APP_GetStateMotor(u8 type, u8 *buff, u8 length)
 158          {
 159   1          getStateMotorFlag = 1;
 160   1      
 161   1      }
*** WARNING C280 IN LINE 157 OF ..\App\irfapp_main.c: 'type': unreferenced local variable
C51 COMPILER V9.60.0.0   IRFAPP_MAIN                                                       05/15/2021 18:01:57 PAGE 4   

*** WARNING C280 IN LINE 157 OF ..\App\irfapp_main.c: 'buff': unreferenced local variable
*** WARNING C280 IN LINE 157 OF ..\App\irfapp_main.c: 'length': unreferenced local variable
 162          
 163          /**
 164           * @func   APP_GetStateFloor
 165           * @brief  None
 166           * @param  
 167           * @retval None
 168           */
 169          static void APP_GetStateFloor(u8 type, u8 *buff, u8 length)
 170          {
 171   1          getStateFloorFlag = 1;
 172   1      }
*** WARNING C280 IN LINE 169 OF ..\App\irfapp_main.c: 'type': unreferenced local variable
*** WARNING C280 IN LINE 169 OF ..\App\irfapp_main.c: 'buff': unreferenced local variable
*** WARNING C280 IN LINE 169 OF ..\App\irfapp_main.c: 'length': unreferenced local variable
 173          
 174          /**
 175           * @func   APP_SetSpeedMotor
 176           * @brief  None
 177           * @param  
 178           * @retval None
 179           */
 180          static void APP_SetSpeedMotor(u8 type, u8 *buff, u8 length)
 181          {
 182   1          setSpeedMotorFlag = 1;
 183   1          speedValue = buff[0];
 184   1      }
*** WARNING C280 IN LINE 180 OF ..\App\irfapp_main.c: 'type': unreferenced local variable
*** WARNING C280 IN LINE 180 OF ..\App\irfapp_main.c: 'length': unreferenced local variable
 185          
 186          /**
 187           * @func   APP_GetAllState
 188           * @brief  None
 189           * @param  
 190           * @retval None
 191           */
 192          static void APP_GetAllState(u8 type, u8 *buff, u8 length)
 193          {
 194   1          getAllStateFlag = 1;
 195   1      }   
*** WARNING C280 IN LINE 192 OF ..\App\irfapp_main.c: 'type': unreferenced local variable
*** WARNING C280 IN LINE 192 OF ..\App\irfapp_main.c: 'buff': unreferenced local variable
*** WARNING C280 IN LINE 192 OF ..\App\irfapp_main.c: 'length': unreferenced local variable
 196          
 197          /**
 198           * @func   APP_ResetDevice
 199           * @brief  None
 200           * @param  
 201           * @retval None
 202           */
 203          static void APP_ResetDevice(u8 type, u8 *buff, u8 length)
 204          {
 205   1          resetDeviceFlag = 1;
 206   1      }
*** WARNING C280 IN LINE 203 OF ..\App\irfapp_main.c: 'type': unreferenced local variable
*** WARNING C280 IN LINE 203 OF ..\App\irfapp_main.c: 'buff': unreferenced local variable
*** WARNING C280 IN LINE 203 OF ..\App\irfapp_main.c: 'length': unreferenced local variable


MODULE INFORMATION:   STATIC OVERLAYABLE
   CODE SIZE        =    614    ----
C51 COMPILER V9.60.0.0   IRFAPP_MAIN                                                       05/15/2021 18:01:57 PAGE 5   

   CONSTANT SIZE    =   ----    ----
   XDATA SIZE       =     67    ----
   PDATA SIZE       =   ----    ----
   DATA SIZE        =   ----    ----
   IDATA SIZE       =   ----    ----
   BIT SIZE         =   ----    ----
END OF MODULE INFORMATION.


C51 COMPILATION COMPLETE.  29 WARNING(S),  0 ERROR(S)
