C51 COMPILER V9.60.0.0   MAIN_INIT                                                         05/15/2021 18:01:58 PAGE 1   


C51 COMPILER V9.60.0.0, COMPILATION OF MODULE MAIN_INIT
OBJECT MODULE PLACED IN .\Objects\main_init.obj
COMPILER INVOKED BY: C:\Keil_v5\C51\BIN\C51.EXE ..\App\main_init.c LARGE OPTIMIZE(0,SPEED) BROWSE INCDIR(..\App;..\Commo
                    -n;..\Driver;..\Mid;..\Utilities) DEBUG OBJECTEXTEND PRINT(.\Listings\main_init.lst) OBJECT(.\Objects\main_init.obj)

line level    source

   1          /*
   2           *      main_init.c
   3           *
   4           *      Created on: Dec 25, 2020
   5           *      Author: Truong VV
   6           */
   7          
   8          #include "N76E003.h"
   9          #include "SFR_Macro.h"
  10          #include "Function_Define.h"
  11          //#include "tick.h"
  12          #include "irf.h"
  13          #include "motor.h"
  14          #include "relay.h"
  15          #include "floor.h"
  16          #include "main_init.h"
  17          
  18          /******************************************************************************/
  19          /*                              DECLARE                                      */
  20          /******************************************************************************/
  21          
  22          /******************************************************************************/
  23          /*                              FUNCTION                                      */
  24          /******************************************************************************/
  25          /**
  26           * @func    main_Init
  27           * @brief   None
  28           * @param   None
  29           */
  30          void MAIN_Init(void)
  31          {
  32   1          MOTOR_Config();
  33   1          RELAY_Config();
  34   1          MOTOR_Init(DEFAULTSPEED);
  35   1          //FLOOR_Init();
  36   1          //TICK_Init();
  37   1          IRF_Init();
  38   1          ENABLE_AllInterrupt();
  39   1      }
  40          
  41          /**
  42           * @func    MAIN_Proc
  43           * @brief   None
  44           * @param   None
  45           */
  46          void MAIN_Proc(void)
  47          {
  48   1          IRF_Proc(); 
  49   1      }


MODULE INFORMATION:   STATIC OVERLAYABLE
   CODE SIZE        =     23    ----
   CONSTANT SIZE    =   ----    ----
C51 COMPILER V9.60.0.0   MAIN_INIT                                                         05/15/2021 18:01:58 PAGE 2   

   XDATA SIZE       =   ----    ----
   PDATA SIZE       =   ----    ----
   DATA SIZE        =   ----    ----
   IDATA SIZE       =   ----    ----
   BIT SIZE         =   ----    ----
END OF MODULE INFORMATION.


C51 COMPILATION COMPLETE.  0 WARNING(S),  0 ERROR(S)
