C51 COMPILER V9.60.0.0   MAIN                                                              06/13/2021 10:03:34 PAGE 1   


C51 COMPILER V9.60.0.0, COMPILATION OF MODULE MAIN
OBJECT MODULE PLACED IN .\Objects\main.obj
COMPILER INVOKED BY: C:\Keil_v5\C51\BIN\C51.EXE ..\App\main.c LARGE OPTIMIZE(0,SPEED) BROWSE INCDIR(..\App;..\Common;..\
                    -Driver;..\Mid;..\Utilities) DEBUG OBJECTEXTEND PRINT(.\Listings\main.lst) OBJECT(.\Objects\main.obj)

line level    source

   1          /*
   2           * Copyright (c) 2021
   3           * Vitech Solutions
   4           * All Rights Reserved
   5           *
   6           *
   7           * Description:
   8           *
   9           * Author: Truongvv
  10           *
  11           * Last Changed By:  $Author: Truongvv $
  12           * Revision:         $Revision: 1.0 $
  13           * Last Changed:     $Date: x/x/xxxx $
  14           */
  15          #include "N76E003.h"
  16          #include "SFR_Macro.h"
  17          #include "Function_Define.h"
  18          #include "gpio.h"
  19          #include "main_func.h"
  20          #include "main_init.h"
  21          #include "irfapp_main.h"
  22          #iinclude "irf.h"
*** WARNING C315 IN LINE 22 OF ..\App\main.c: unknown #directive 'iinclude'
  23          /*******************************************************************************
  24           * Definition
  25           ******************************************************************************/
  26          uint16_t topLimitFloor=80;
  27          uint16_t botLimitFloor=10;
  28          void main(void)
  29          {
  30   1      //    MAIN_Init();
  31   1      //    while(1)
  32   1      //    {
  33   1      //        IRF_Proc();
  34   1      //        funcHandle_AllFlag();
  35   1      //    }
  36   1          GPIO_P10_Config();
  37   1          GPIO_P01_Config();
  38   1          while(1);
  39   1      }


MODULE INFORMATION:   STATIC OVERLAYABLE
   CODE SIZE        =      9    ----
   CONSTANT SIZE    =   ----    ----
   XDATA SIZE       =      4    ----
   PDATA SIZE       =   ----    ----
   DATA SIZE        =   ----    ----
   IDATA SIZE       =   ----    ----
   BIT SIZE         =   ----    ----
END OF MODULE INFORMATION.


C51 COMPILATION COMPLETE.  1 WARNING(S),  0 ERROR(S)
