C51 COMPILER V9.60.0.0   XOR                                                               03/13/2021 16:58:28 PAGE 1   


C51 COMPILER V9.60.0.0, COMPILATION OF MODULE XOR
OBJECT MODULE PLACED IN .\Objects\xor.obj
COMPILER INVOKED BY: C:\Keil_v5\C51\BIN\C51.EXE ..\Utilities\xor.c OPTIMIZE(0,SPEED) BROWSE INCDIR(..\motor_test;.\App;.
                    -\Common;.\Driver;.\Utilities;C:\Keil_v5\C51\LIB;.\Mid) DEBUG OBJECTEXTEND PRINT(.\Listings\xor.lst) OBJECT(.\Objects\xor
                    -.obj)

line level    source

   1          /*
   2           *  xor.c
   3           *
   4           *  Created on: Dec 25, 2020
   5           *      Author: Truong VV
   6           */
   7          
   8          #include "N76E003.h"
   9          #include "SFR_Macro.h"
*** WARNING C318 IN LINE 9 OF ..\Utilities\xor.c: can't open file 'SFR_Macro.h'
  10          #include "Function_Define.h"
*** WARNING C318 IN LINE 10 OF ..\Utilities\xor.c: can't open file 'Function_Define.h'
  11          #include "xor.h"
*** WARNING C318 IN LINE 13 OF ..\Utilities\xor.h: can't open file 'stdint.h'
*** ERROR C129 IN LINE 18 OF ..\Utilities\xor.h: missing ';' before 'XOR_Caculator'
  12          
  13          /******************************************************************************/
  14          /*                              FUNCTION                                      */
  15          /******************************************************************************/
  16          
  17          u8 XOR_Caculator(uint8_t* buffer, uint8_t ofset, uint16_t length)
  18          {
  19              u8 result = 0;
  20                          u8 i = 0;
  21              for(i = ofset; i < length; i++)
  22              {
  23                  result ^= buffer[i];
  24              }
  25              return result;
  26          }

C51 COMPILATION COMPLETE.  3 WARNING(S),  1 ERROR(S)
